$GPGGA,183500.00,5104.73155,N,01343.04241,E,1,05,2.50,110.2,M,45.8,M,,*59
$GPGSA,A,3,21,24,29,31,30,,,,,,,,4.05,2.50,3.19*00
$GPGSV,3,1,11,21,63,170,25,24,57,075,40,29,55,076,33,16,45,301,14*75
$GPGSV,3,2,11,31,33,226,23,10,20,049,21,30,17,138,39,06,12,267,*73
$GPGSV,3,3,11,13,06,338,,23,01,305,,18,03,155,*48
$GPGLL,5104.73155,N,01343.04241,E,183500.00,A,A*65
$GPZDA,183500.00,28,07,2009,00,00*6F
$GPRMC,183501.00,A,5104.73158,N,01343.04262,E,0.097,323.16,280709,,,A*60
$GPVTG,323.16,T,,M,0.097,N,0.180,K,A*3F
$GPGGA,183501.00,5104.73158,N,01343.04262,E,1,06,1.53,110.1,M,45.8,M,,*54
$GPGSA,A,3,21,24,29,31,10,30,,,,,,,2.33,1.53,1.76*09
$GPGSV,3,1,11,21,63,170,24,24,57,075,40,29,55,076,33,16,45,301,13*73
$GPGSV,3,2,11,31,33,226,23,10,20,049,20,30,17,138,39,06,12,267,*72
$GPGSV,3,3,11,13,06,338,,23,01,305,,18,03,155,*48
$GPGLL,5104.73158,N,01343.04262,E,183501.00,A,A*68
$GPZDA,183501.00,28,07,2009,00,00*6E
$GPRMC,183502.00,A,5104.73162,N,01343.04289,E,0.025,324.17,280709,,,A*60
$GPVTG,324.17,T,,M,0.025,N,0.047,K,A*3A
$GPGGA,183502.00,5104.73162,N,01343.04289,E,1,06,1.53,110.0,M,45.8,M,,*5A
$GPGSA,A,3,21,24,29,31,10,30,,,,,,,2.33,1.53,1.76*09
$GPGSV,3,1,11,21,63,170,25,24,57,075,40,29,55,076,33,16,45,301,13*72
$GPGSV,3,2,11,31,33,226,23,10,20,049,20,30,17,138,39,06,12,267,*72
$GPGSV,3,3,11,13,06,338,,23,01,305,,18,03,155,*48
$GPGLL,5104.73162,N,01343.04289,E,183502.00,A,A*67
$GPZDA,183502.00,28,07,2009,00,00*6D
$GPRMC,183503.00,A,5104.73168,N,01343.04300,E,0.144,322.12,280709,,,A*6E
$GPVTG,322.12,T,,M,0.144,N,0.267,K,A*3F
